<?xml version="1.0" encoding="UTF-8"?>
<!-- Generated by org.testng.reporters.JUnitReportReporter -->
<testsuite hostname="DESKTOP-L33J1GP" failures="0" tests="6" name="com.openweathermap.tests.forecast5.ForecastTests" time="9.022" errors="0" timestamp="2020-11-23T23:56:19 IST" skipped="0">
  <testcase classname="com.openweathermap.tests.forecast5.ForecastTests" name="status200WhenIdCorrectByCityId" time="2.230"/>
  <system-out/>
  <testcase classname="com.openweathermap.tests.forecast5.ForecastTests" name="status200WhenNameCorrectByCityName" time="1.174"/>
  <system-out/>
  <testcase classname="com.openweathermap.tests.forecast5.ForecastTests" name="checkBodyMessageWhenUnauthorized" time="1.737"/>
  <system-out/>
  <testcase classname="com.openweathermap.tests.forecast5.ForecastTests" name="checkBodyMessageWhenIdIncorrectByCityId" time="0.509"/>
  <system-out/>
  <testcase classname="com.openweathermap.tests.forecast5.ForecastTests" name="checkBodyMessageWhenNameIncorrectByCityName" time="0.439"/>
  <system-out/>
  <testcase classname="com.openweathermap.tests.forecast5.ForecastTests" name="checkCityParamsInResponseJSON" time="2.933"/>
  <system-out/>
</testsuite> <!-- com.openweathermap.tests.forecast5.ForecastTests -->
